This is pdfTeX, Version 3.14159265-2.6-1.40.16 (MiKTeX 2.9) (preloaded format=latex 2017.1.16)  16 JAN 2017 16:41
entering extended mode
**./Avifauna_Nooderkempen.tex
(Avifauna_Nooderkempen.tex
LaTeX2e <2015/10/01> patch level 2
Babel <3.9m> and hyphenation patterns for 69 languages loaded.
("C:\Users\wkonings\AppData\Local\Programs\MiKTeX 2.9\tex\latex\base\book.cls"
Document Class: book 2014/09/29 v1.4h Standard LaTeX document class
("C:\Users\wkonings\AppData\Local\Programs\MiKTeX 2.9\tex\latex\base\bk11.clo"
File: bk11.clo 2014/09/29 v1.4h Standard LaTeX file (size option)
)
\c@part=\count79
\c@chapter=\count80
\c@section=\count81
\c@subsection=\count82
\c@subsubsection=\count83
\c@paragraph=\count84
\c@subparagraph=\count85
\c@figure=\count86
\c@table=\count87
\abovecaptionskip=\skip41
\belowcaptionskip=\skip42
\bibindent=\dimen102
)
("C:\Users\wkonings\AppData\Local\Programs\MiKTeX 2.9\tex\latex\graphics\graphi
cx.sty"
Package: graphicx 2014/10/28 v1.0g Enhanced LaTeX Graphics (DPC,SPQR)

("C:\Users\wkonings\AppData\Local\Programs\MiKTeX 2.9\tex\latex\graphics\keyval
.sty"
Package: keyval 2014/10/28 v1.15 key=value parser (DPC)
\KV@toks@=\toks14
)
("C:\Users\wkonings\AppData\Local\Programs\MiKTeX 2.9\tex\latex\graphics\graphi
cs.sty"
Package: graphics 2014/10/28 v1.0p Standard LaTeX Graphics (DPC,SPQR)

("C:\Users\wkonings\AppData\Local\Programs\MiKTeX 2.9\tex\latex\graphics\trig.s
ty"
Package: trig 1999/03/16 v1.09 sin cos tan (DPC)
)
("C:\Users\wkonings\AppData\Local\Programs\MiKTeX 2.9\tex\latex\00miktex\graphi
cs.cfg"
File: graphics.cfg 2007/01/18 v1.5 graphics configuration of teTeX/TeXLive
)
Package graphics Info: Driver file: dvips.def on input line 94.

("C:\Users\wkonings\AppData\Local\Programs\MiKTeX 2.9\tex\latex\graphics\dvips.
def"
File: dvips.def 2014/10/14 v3.0j Driver-dependent file (DPC,SPQR)
))
\Gin@req@height=\dimen103
\Gin@req@width=\dimen104
)
("C:\Users\wkonings\AppData\Local\Programs\MiKTeX 2.9\tex\latex\fancyhdr\fancyh
dr.sty"
Package: fancyhdr 2016/09/06 3.8 Extensive control of page headers and footers
\fancy@headwidth=\skip43
\f@ncyO@elh=\skip44
\f@ncyO@erh=\skip45
\f@ncyO@olh=\skip46
\f@ncyO@orh=\skip47
\f@ncyO@elf=\skip48
\f@ncyO@erf=\skip49
\f@ncyO@olf=\skip50
\f@ncyO@orf=\skip51
)
("C:\Users\wkonings\AppData\Local\Programs\MiKTeX 2.9\tex\latex\lipsum\lipsum.s
ty"
Package: lipsum 2014/07/27 v1.3 150 paragraphs of Lorem Ipsum dummy text
\c@lips@count=\count88
)
("C:\Users\wkonings\AppData\Local\Programs\MiKTeX 2.9\tex\latex\xcolor\xcolor.s
ty"
Package: xcolor 2007/01/21 v2.11 LaTeX color extensions (UK)

("C:\Users\wkonings\AppData\Local\Programs\MiKTeX 2.9\tex\latex\00miktex\color.
cfg"
File: color.cfg 2007/01/18 v1.5 color configuration of teTeX/TeXLive
)
Package xcolor Info: Driver file: dvips.def on input line 225.
Package xcolor Info: Model `cmy' substituted by `cmy0' on input line 1337.
Package xcolor Info: Model `RGB' extended on input line 1353.
Package xcolor Info: Model `HTML' substituted by `rgb' on input line 1355.
Package xcolor Info: Model `Hsb' substituted by `hsb' on input line 1356.
Package xcolor Info: Model `tHsb' substituted by `hsb' on input line 1357.
Package xcolor Info: Model `HSB' substituted by `hsb' on input line 1358.
Package xcolor Info: Model `Gray' substituted by `gray' on input line 1359.
Package xcolor Info: Model `wave' substituted by `hsb' on input line 1360.

("C:\Users\wkonings\AppData\Local\Programs\MiKTeX 2.9\tex\latex\graphics\dvipsn
am.def"
File: dvipsnam.def 2014/10/14 v3.0j Driver-dependent file (DPC,SPQR)
))
("C:\Users\wkonings\AppData\Local\Programs\MiKTeX 2.9\tex\latex\tools\multicol.
sty"
Package: multicol 2015/08/19 v1.8n multicolumn formatting (FMi)
\c@tracingmulticols=\count89
\mult@box=\box26
\multicol@leftmargin=\dimen105
\c@unbalance=\count90
\c@collectmore=\count91
\doublecol@number=\count92
\multicoltolerance=\count93
\multicolpretolerance=\count94
\full@width=\dimen106
\page@free=\dimen107
\premulticols=\dimen108
\postmulticols=\dimen109
\multicolsep=\skip52
\multicolbaselineskip=\skip53
\partial@page=\box27
\last@line=\box28
\maxbalancingoverflow=\dimen110
\mult@rightbox=\box29
\mult@grightbox=\box30
\mult@gfirstbox=\box31
\mult@firstbox=\box32
\@tempa=\box33
\@tempa=\box34
\@tempa=\box35
\@tempa=\box36
\@tempa=\box37
\@tempa=\box38
\@tempa=\box39
\@tempa=\box40
\@tempa=\box41
\@tempa=\box42
\@tempa=\box43
\@tempa=\box44
\@tempa=\box45
\@tempa=\box46
\@tempa=\box47
\@tempa=\box48
\@tempa=\box49
\c@columnbadness=\count95
\c@finalcolumnbadness=\count96
\last@try=\dimen111
\multicolovershoot=\dimen112
\multicolundershoot=\dimen113
\mult@nat@firstbox=\box50
\colbreak@box=\box51
\mc@col@check@num=\count97
)
("C:\Users\wkonings\AppData\Local\Programs\MiKTeX 2.9\tex\latex\geometry\geomet
ry.sty"
Package: geometry 2010/09/12 v5.6 Page Geometry

("C:\Users\wkonings\AppData\Local\Programs\MiKTeX 2.9\tex\generic\oberdiek\ifpd
f.sty"
Package: ifpdf 2011/01/30 v2.3 Provides the ifpdf switch (HO)
Package ifpdf Info: pdfTeX in PDF mode is not detected.
)
("C:\Users\wkonings\AppData\Local\Programs\MiKTeX 2.9\tex\generic\oberdiek\ifvt
ex.sty"
Package: ifvtex 2010/03/01 v1.5 Detect VTeX and its facilities (HO)
Package ifvtex Info: VTeX not detected.
)
("C:\Users\wkonings\AppData\Local\Programs\MiKTeX 2.9\tex\generic\ifxetex\ifxet
ex.sty"
Package: ifxetex 2010/09/12 v0.6 Provides ifxetex conditional
)
\Gm@cnth=\count98
\Gm@cntv=\count99
\c@Gm@tempcnt=\count100
\Gm@bindingoffset=\dimen114
\Gm@wd@mp=\dimen115
\Gm@odd@mp=\dimen116
\Gm@even@mp=\dimen117
\Gm@layoutwidth=\dimen118
\Gm@layoutheight=\dimen119
\Gm@layouthoffset=\dimen120
\Gm@layoutvoffset=\dimen121
\Gm@dimlist=\toks15

("C:\Users\wkonings\AppData\Local\Programs\MiKTeX 2.9\tex\latex\geometry\geomet
ry.cfg"))
("C:\Users\wkonings\AppData\Local\Programs\MiKTeX 2.9\tex\latex\float\float.sty
"
Package: float 2001/11/08 v1.3d Float enhancements (AL)
\c@float@type=\count101
\float@exts=\toks16
\float@box=\box52
\@float@everytoks=\toks17
\@floatcapt=\box53
)
("C:\Users\wkonings\AppData\Local\Programs\MiKTeX 2.9\tex\latex\titlesec\titles
ec.sty"
Package: titlesec 2016/03/21 v2.10.2 Sectioning titles
\ttl@box=\box54
\beforetitleunit=\skip54
\aftertitleunit=\skip55
\ttl@plus=\dimen122
\ttl@minus=\dimen123
\ttl@toksa=\toks18
\titlewidth=\dimen124
\titlewidthlast=\dimen125
\titlewidthfirst=\dimen126
)
("C:\Users\wkonings\AppData\Local\Programs\MiKTeX 2.9\tex\latex\blindtext\blind
text.sty"
Package: blindtext 2012/01/06 V2.0 blindtext-Package

("C:\Users\wkonings\AppData\Local\Programs\MiKTeX 2.9\tex\latex\tools\xspace.st
y"
Package: xspace 2014/10/28 v1.13 Space after command names (DPC,MH)
)
\c@blindtext=\count102
\c@Blindtext=\count103
\c@blind@countparstart=\count104
\blind@countxx=\count105
\blindtext@numBlindtext=\count106
\blind@countyy=\count107
\c@blindlist=\count108
\c@blindlistlevel=\count109
\c@blindlist@level=\count110
\blind@listitem=\count111
\c@blind@listcount=\count112
\c@blind@levelcount=\count113
\blind@mathformula=\count114
\blind@Mathformula=\count115
\c@blind@randomcount=\count116
\c@blind@randommax=\count117
\c@blind@pangramcount=\count118
\c@blind@pangrammax=\count119
)
("C:\Users\wkonings\AppData\Local\Programs\MiKTeX 2.9\tex\latex\caption\caption
.sty"
Package: caption 2015/09/17 v3.3-111 Customizing captions (AR)

("C:\Users\wkonings\AppData\Local\Programs\MiKTeX 2.9\tex\latex\caption\caption
3.sty"
Package: caption3 2015/09/20 v1.7-115 caption3 kernel (AR)
Package caption3 Info: TeX engine: e-TeX on input line 57.
\captionmargin=\dimen127
\captionmargin@=\dimen128
\captionwidth=\dimen129
\caption@tempdima=\dimen130
\caption@indent=\dimen131
\caption@parindent=\dimen132
\caption@hangindent=\dimen133
)
\c@ContinuedFloat=\count120
Package caption Info: float package is loaded.
)
("C:\Users\wkonings\AppData\Local\Programs\MiKTeX 2.9\tex\latex\base\ifthen.sty
"
Package: ifthen 2014/09/29 v1.1c Standard LaTeX ifthen package (DPC)
)
("C:\Users\wkonings\AppData\Local\Programs\MiKTeX 2.9\tex\latex\eso-pic\eso-pic
.sty"
Package: eso-pic 2015/07/21 v2.0g eso-pic (RN)

("C:\Users\wkonings\AppData\Local\Programs\MiKTeX 2.9\tex\generic\oberdiek\atbe
gshi.sty"
Package: atbegshi 2011/10/05 v1.16 At begin shipout hook (HO)

("C:\Users\wkonings\AppData\Local\Programs\MiKTeX 2.9\tex\generic\oberdiek\infw
arerr.sty"
Package: infwarerr 2010/04/08 v1.3 Providing info/warning/error messages (HO)
)
("C:\Users\wkonings\AppData\Local\Programs\MiKTeX 2.9\tex\generic\oberdiek\ltxc
mds.sty"
Package: ltxcmds 2011/11/09 v1.22 LaTeX kernel commands for general use (HO)
)))
No file Avifauna_Nooderkempen.aux.
\openout1 = `Avifauna_Nooderkempen.aux'.

LaTeX Font Info:    Checking defaults for OML/cmm/m/it on input line 34.
LaTeX Font Info:    ... okay on input line 34.
LaTeX Font Info:    Checking defaults for T1/cmr/m/n on input line 34.
LaTeX Font Info:    ... okay on input line 34.
LaTeX Font Info:    Checking defaults for OT1/cmr/m/n on input line 34.
LaTeX Font Info:    ... okay on input line 34.
LaTeX Font Info:    Checking defaults for OMS/cmsy/m/n on input line 34.
LaTeX Font Info:    ... okay on input line 34.
LaTeX Font Info:    Checking defaults for OMX/cmex/m/n on input line 34.
LaTeX Font Info:    ... okay on input line 34.
LaTeX Font Info:    Checking defaults for U/cmr/m/n on input line 34.
LaTeX Font Info:    ... okay on input line 34.
*geometry* driver: auto-detecting
*geometry* detected driver: dvips
*geometry* verbose mode - [ preamble ] result:
* driver: dvips
* paper: <default>
* layout: <same size as paper>
* layoutoffset:(h,v)=(0.0pt,0.0pt)
* modes: twoside 
* h-part:(L,W,R)=(42.67912pt, 528.93675pt, 42.67912pt)
* v-part:(T,H,B)=(72.26999pt, 632.3625pt, 90.3375pt)
* \paperwidth=614.295pt
* \paperheight=794.96999pt
* \textwidth=528.93675pt
* \textheight=632.3625pt
* \oddsidemargin=-29.59087pt
* \evensidemargin=-29.59087pt
* \topmargin=-31.8738pt
* \headheight=12.0pt
* \headsep=19.8738pt
* \topskip=11.0pt
* \footskip=27.46295pt
* \marginparwidth=116.0pt
* \marginparsep=7.0pt
* \columnsep=28.45274pt
* \skip\footins=10.0pt plus 4.0pt minus 2.0pt
* \hoffset=0.0pt
* \voffset=0.0pt
* \mag=1000
* \@twocolumnfalse
* \@twosidetrue
* \@mparswitchtrue
* \@reversemarginfalse
* (1in=72.27pt=25.4mm, 1cm=28.453pt)

Package caption Info: Begin \AtBeginDocument code.
Package caption Info: End \AtBeginDocument code.
\AtBeginShipoutBox=\box55
Chapter 1.

! LaTeX Error: Cannot determine size of graphic in Kalender/Fitis.pdf (no Bound
ingBox).

See the LaTeX manual or LaTeX Companion for explanation.
Type  H <return>  for immediate help.
 ...                                              
                                                  
l.50   \includegraphics{Kalender/Fitis.pdf}
                                           
Try typing  <return>  to proceed.
If that doesn't work, type  X <return>  to quit.

File: Kalender/Fitis.pdf Graphic file (type eps)
<Kalender/Fitis.pdf>

! LaTeX Error: Cannot determine size of graphic in Foto's/Fitis.jpg (no Boundin
gBox).

See the LaTeX manual or LaTeX Companion for explanation.
Type  H <return>  for immediate help.
 ...                                              
                                                  
l.55 \includegraphics[width=8cm]{Foto's/Fitis.jpg}
                                                  
Try typing  <return>  to proceed.
If that doesn't work, type  X <return>  to quit.

File: Foto's/Fitis.jpg Graphic file (type eps)
<Foto's/Fitis.jpg>

! LaTeX Error: Cannot determine size of graphic in Grenspark/Fitis.pdf (no Boun
dingBox).

See the LaTeX manual or LaTeX Companion for explanation.
Type  H <return>  for immediate help.
 ...                                              
                                                  
l.59   \includegraphics{Grenspark/Fitis.pdf}
                                            
Try typing  <return>  to proceed.
If that doesn't work, type  X <return>  to quit.

File: Grenspark/Fitis.pdf Graphic file (type eps)
<Grenspark/Fitis.pdf>

! LaTeX Error: Cannot determine size of graphic in Waarnemingen/Fitis.pdf (no B
oundingBox).

See the LaTeX manual or LaTeX Companion for explanation.
Type  H <return>  for immediate help.
 ...                                              
                                                  
l.67   \includegraphics{Waarnemingen/Fitis.pdf}
                                               
Try typing  <return>  to proceed.
If that doesn't work, type  X <return>  to quit.

File: Waarnemingen/Fitis.pdf Graphic file (type eps)
<Waarnemingen/Fitis.pdf> [1


]

! LaTeX Error: Cannot determine size of graphic in Atlas/Fitis.pdf (no Bounding
Box).

See the LaTeX manual or LaTeX Companion for explanation.
Type  H <return>  for immediate help.
 ...                                              
                                                  
l.71   \includegraphics{Atlas/Fitis.pdf}
                                        
Try typing  <return>  to proceed.
If that doesn't work, type  X <return>  to quit.

File: Atlas/Fitis.pdf Graphic file (type eps)
<Atlas/Fitis.pdf> [2]
Chapter 2.

! LaTeX Error: Cannot determine size of graphic in Kalender/Bergeend.pdf (no Bo
undingBox).

See the LaTeX manual or LaTeX Companion for explanation.
Type  H <return>  for immediate help.
 ...                                              
                                                  
l.85   \includegraphics{Kalender/Bergeend.pdf}
                                              
Try typing  <return>  to proceed.
If that doesn't work, type  X <return>  to quit.

File: Kalender/Bergeend.pdf Graphic file (type eps)
<Kalender/Bergeend.pdf>

! LaTeX Error: Cannot determine size of graphic in Foto's/Bergeend.jpg (no Boun
dingBox).

See the LaTeX manual or LaTeX Companion for explanation.
Type  H <return>  for immediate help.
 ...                                              
                                                  
l.90 ...degraphics[width=8cm]{Foto's/Bergeend.jpg}
                                                  
Try typing  <return>  to proceed.
If that doesn't work, type  X <return>  to quit.

File: Foto's/Bergeend.jpg Graphic file (type eps)
<Foto's/Bergeend.jpg>

! LaTeX Error: Cannot determine size of graphic in Grenspark/Bergeend.pdf (no B
oundingBox).

See the LaTeX manual or LaTeX Companion for explanation.
Type  H <return>  for immediate help.
 ...                                              
                                                  
l.97   \includegraphics{Grenspark/Bergeend.pdf}
                                               
Try typing  <return>  to proceed.
If that doesn't work, type  X <return>  to quit.

File: Grenspark/Bergeend.pdf Graphic file (type eps)
<Grenspark/Bergeend.pdf>

! LaTeX Error: Cannot determine size of graphic in Waarnemingen/Bergeend.pdf (n
o BoundingBox).

See the LaTeX manual or LaTeX Companion for explanation.
Type  H <return>  for immediate help.
 ...                                              
                                                  
l.104 ...ncludegraphics{Waarnemingen/Bergeend.pdf}
                                                  
Try typing  <return>  to proceed.
If that doesn't work, type  X <return>  to quit.

File: Waarnemingen/Bergeend.pdf Graphic file (type eps)
<Waarnemingen/Bergeend.pdf> [3

]

! LaTeX Error: Cannot determine size of graphic in Atlas/Bergeend.pdf (no Bound
ingBox).

See the LaTeX manual or LaTeX Companion for explanation.
Type  H <return>  for immediate help.
 ...                                              
                                                  
l.108   \includegraphics{Atlas/Bergeend.pdf}
                                            
Try typing  <return>  to proceed.
If that doesn't work, type  X <return>  to quit.

File: Atlas/Bergeend.pdf Graphic file (type eps)
<Atlas/Bergeend.pdf> [4]
Chapter 3.

! LaTeX Error: Cannot determine size of graphic in Kalender/Bosruiter.pdf (no B
oundingBox).

See the LaTeX manual or LaTeX Companion for explanation.
Type  H <return>  for immediate help.
 ...                                              
                                                  
l.124   \includegraphics{Kalender/Bosruiter.pdf}
                                                
Try typing  <return>  to proceed.
If that doesn't work, type  X <return>  to quit.

File: Kalender/Bosruiter.pdf Graphic file (type eps)
<Kalender/Bosruiter.pdf>

! LaTeX Error: Cannot determine size of graphic in Foto's/Bosruiter.jpg (no Bou
ndingBox).

See the LaTeX manual or LaTeX Companion for explanation.
Type  H <return>  for immediate help.
 ...                                              
                                                  
l.129 ...graphics[width=8cm]{Foto's/Bosruiter.jpg}
                                                  
Try typing  <return>  to proceed.
If that doesn't work, type  X <return>  to quit.

File: Foto's/Bosruiter.jpg Graphic file (type eps)
<Foto's/Bosruiter.jpg>

! LaTeX Error: Cannot determine size of graphic in Grenspark/Bosruiter.pdf (no 
BoundingBox).

See the LaTeX manual or LaTeX Companion for explanation.
Type  H <return>  for immediate help.
 ...                                              
                                                  
l.136   \includegraphics{Grenspark/Bosruiter.pdf}
                                                 
Try typing  <return>  to proceed.
If that doesn't work, type  X <return>  to quit.

File: Grenspark/Bosruiter.pdf Graphic file (type eps)
<Grenspark/Bosruiter.pdf>

! LaTeX Error: Cannot determine size of graphic in Waarnemingen/Bosruiter.pdf (
no BoundingBox).

See the LaTeX manual or LaTeX Companion for explanation.
Type  H <return>  for immediate help.
 ...                                              
                                                  
l.144 ...cludegraphics{Waarnemingen/Bosruiter.pdf}
                                                  
Try typing  <return>  to proceed.
If that doesn't work, type  X <return>  to quit.

File: Waarnemingen/Bosruiter.pdf Graphic file (type eps)
<Waarnemingen/Bosruiter.pdf> [5

]

! LaTeX Error: Cannot determine size of graphic in Atlas/Bosruiter.pdf (no Boun
dingBox).

See the LaTeX manual or LaTeX Companion for explanation.
Type  H <return>  for immediate help.
 ...                                              
                                                  
l.148   \includegraphics{Atlas/Bosruiter.pdf}
                                             
Try typing  <return>  to proceed.
If that doesn't work, type  X <return>  to quit.

File: Atlas/Bosruiter.pdf Graphic file (type eps)
<Atlas/Bosruiter.pdf> [6] (Avifauna_Nooderkempen.aux) ) 
Here is how much of TeX's memory you used:
 3969 strings out of 493635
 59973 string characters out of 3134041
 234884 words of memory out of 3000000
 7332 multiletter control sequences out of 15000+200000
 6824 words of font info for 24 fonts, out of 3000000 for 9000
 1025 hyphenation exceptions out of 8191
 36i,6n,43p,1932b,385s stack positions out of 5000i,500n,10000p,200000b,50000s

Output written on Avifauna_Nooderkempen.dvi (6 pages, 17560 bytes).
